<?xml version="1.0" encoding="UTF-8"?>
<!-- Generated by org.testng.reporters.JUnitXMLReporter -->
<testsuite ignored="0" hostname="ESS-70CCRQ2" failures="1" tests="2" name="Command line test" time="4.761" errors="0" timestamp="2022-04-18T10:53:15 IST">
  <testcase classname="tests.CreateProductAndManufacturingTest" name="VerifyCreateProduct" time="0.0">
    <failure type="org.testng.TestNGException" message="
Parameter &amp;apos;ProductName&amp;apos; is required by @Test on method VerifyCreateProduct but has not been marked @Optional or defined
">
      <![CDATA[org.testng.TestNGException: 
Parameter 'ProductName' is required by @Test on method VerifyCreateProduct but has not been marked @Optional or defined

at java.base/java.util.ArrayList.forEach(ArrayList.java:1511)
... Removed 36 stack frames]]>
    </failure>
  </testcase> <!-- VerifyCreateProduct -->
  <testcase classname="tests.CreateProductAndManufacturingTest" name="VerifyCreateManufacturingOrder" time="0.0">
    <skipped/>
  </testcase> <!-- VerifyCreateManufacturingOrder -->
</testsuite> <!-- Command line test -->
